0 info it worked if it ends with ok
1 verbose cli [ '/home/cristian/node-v6.7.0-linux-x64/bin/node',
1 verbose cli   '/home/cristian/node-v6.7.0-linux-x64/bin/npm',
1 verbose cli   'version',
1 verbose cli   '1.0.1' ]
2 info using npm@3.10.3
3 info using node@v6.7.0
4 info git [ 'status', '--porcelain' ]
5 verbose stack Error: Git working directory not clean.
5 verbose stack M .idea/workspace.xml
5 verbose stack M package.json
5 verbose stack     at /home/cristian/node-v6.7.0-linux-x64/lib/node_modules/npm/lib/version.js:247:19
5 verbose stack     at /home/cristian/node-v6.7.0-linux-x64/lib/node_modules/npm/lib/utils/no-progress-while-running.js:21:8
5 verbose stack     at ChildProcess.exithandler (child_process.js:197:7)
5 verbose stack     at emitTwo (events.js:106:13)
5 verbose stack     at ChildProcess.emit (events.js:191:7)
5 verbose stack     at maybeClose (internal/child_process.js:877:16)
5 verbose stack     at Socket.<anonymous> (internal/child_process.js:334:11)
5 verbose stack     at emitOne (events.js:96:13)
5 verbose stack     at Socket.emit (events.js:188:7)
5 verbose stack     at Pipe._handle.close [as _onclose] (net.js:493:12)
6 verbose cwd /home/cristian/Laravel/forms
7 error Linux 4.4.0-66-generic
8 error argv "/home/cristian/node-v6.7.0-linux-x64/bin/node" "/home/cristian/node-v6.7.0-linux-x64/bin/npm" "version" "1.0.1"
9 error node v6.7.0
10 error npm  v3.10.3
11 error Git working directory not clean.
11 error M .idea/workspace.xml
11 error M package.json
12 error If you need help, you may report this error at:
12 error     <https://github.com/npm/npm/issues>
13 verbose exit [ 1, true ]
